<?xml version="1.0" encoding="UTF-8"?>
<!-- Generated by org.testng.reporters.JUnitXMLReporter -->
<testsuite ignored="0" hostname="MachineLearner" failures="2" tests="2" name="Assertion Samples" time="0.089" errors="0" timestamp="2025-12-08T10:06:43 IST">
  <testcase classname="test.MethodSet13" name="hasdAssert" time="0.017">
    <failure type="java.lang.AssertionError" message="expected [true] but found [false]">
      <![CDATA[java.lang.AssertionError: expected [true] but found [false]
at test.MethodSet13.hasdAssert(MethodSet13.java:11)
at java.base/java.util.ArrayList.forEach(ArrayList.java:1511)
... Removed 31 stack frames]]>
    </failure>
  </testcase> <!-- hasdAssert -->
  <testcase classname="test.MethodSet13" name="softAssert" time="0.005">
    <failure type="java.lang.AssertionError" message="The following asserts failed:
	expected [true] but found [false]">
      <![CDATA[java.lang.AssertionError: The following asserts failed:
expected [true] but found [false]
at test.MethodSet13.softAssert(MethodSet13.java:21)
at java.base/java.util.ArrayList.forEach(ArrayList.java:1511)
... Removed 29 stack frames]]>
    </failure>
  </testcase> <!-- softAssert -->
</testsuite> <!-- Assertion Samples -->
