<?xml version="1.0" encoding="UTF-8"?>
<!-- Generated by org.testng.reporters.JUnitXMLReporter -->
<testsuite ignored="0" hostname="MachineLearner" failures="3" tests="14" name="Failed cases2" time="0.154" errors="0" timestamp="2025-12-08T19:47:30 IST">
  <testcase classname="test.MethodSet17" name="test1" time="0.009"/>
  <testcase classname="test.MethodSet17" name="test2" time="0.014">
    <skipped/>
  </testcase> <!-- test2 -->
  <testcase classname="test.MethodSet17" name="test2" time="0.003">
    <skipped/>
  </testcase> <!-- test2 -->
  <testcase classname="test.MethodSet17" name="test2" time="0.003">
    <skipped/>
  </testcase> <!-- test2 -->
  <testcase classname="test.MethodSet17" name="test2" time="0.003">
    <failure type="java.lang.AssertionError" message="expected [Ho] but found [Hi]">
      <![CDATA[java.lang.AssertionError: expected [Ho] but found [Hi]
at test.MethodSet17.test2(MethodSet17.java:16)
at java.base/java.util.ArrayList.forEach(ArrayList.java:1511)
... Removed 33 stack frames]]>
    </failure>
  </testcase> <!-- test2 -->
  <testcase classname="test.MethodSet17" name="test3" time="0.002"/>
  <testcase classname="test.MethodSet17" name="test4" time="0.002">
    <skipped/>
  </testcase> <!-- test4 -->
  <testcase classname="test.MethodSet17" name="test4" time="0.002">
    <skipped/>
  </testcase> <!-- test4 -->
  <testcase classname="test.MethodSet17" name="test4" time="0.002">
    <skipped/>
  </testcase> <!-- test4 -->
  <testcase classname="test.MethodSet17" name="test4" time="0.002">
    <failure type="java.lang.AssertionError" message="expected [Ho] but found [Hi]">
      <![CDATA[java.lang.AssertionError: expected [Ho] but found [Hi]
at test.MethodSet17.test4(MethodSet17.java:32)
at java.base/java.util.ArrayList.forEach(ArrayList.java:1511)
... Removed 33 stack frames]]>
    </failure>
  </testcase> <!-- test4 -->
  <testcase classname="test.MethodSet17" name="test5" time="0.002">
    <skipped/>
  </testcase> <!-- test5 -->
  <testcase classname="test.MethodSet17" name="test5" time="0.002">
    <skipped/>
  </testcase> <!-- test5 -->
  <testcase classname="test.MethodSet17" name="test5" time="0.001">
    <skipped/>
  </testcase> <!-- test5 -->
  <testcase classname="test.MethodSet17" name="test5" time="0.001">
    <failure type="java.lang.AssertionError" message="expected [Ho] but found [Hi]">
      <![CDATA[java.lang.AssertionError: expected [Ho] but found [Hi]
at test.MethodSet17.test5(MethodSet17.java:39)
at java.base/java.util.ArrayList.forEach(ArrayList.java:1511)
... Removed 33 stack frames]]>
    </failure>
  </testcase> <!-- test5 -->
</testsuite> <!-- Failed cases2 -->
