<?xml version="1.0" encoding="UTF-8"?>
<!-- Generated by org.testng.reporters.JUnitXMLReporter -->
<testsuite ignored="0" hostname="MachineLearner" failures="1" tests="5" name="Failed cases" time="0.071" errors="0" timestamp="2025-12-08T19:45:56 IST">
  <testcase classname="test.MethodSet15" name="test1" time="0.006"/>
  <testcase classname="test.MethodSet15" name="test2" time="0.01">
    <skipped/>
  </testcase> <!-- test2 -->
  <testcase classname="test.MethodSet15" name="test2" time="0.001">
    <skipped/>
  </testcase> <!-- test2 -->
  <testcase classname="test.MethodSet15" name="test2" time="0.001">
    <skipped/>
  </testcase> <!-- test2 -->
  <testcase classname="test.MethodSet15" name="test2" time="0.001">
    <failure type="java.lang.AssertionError" message="expected [Ho] but found [Hi]">
      <![CDATA[java.lang.AssertionError: expected [Ho] but found [Hi]
at test.MethodSet15.test2(MethodSet15.java:19)
at java.base/java.util.ArrayList.forEach(ArrayList.java:1511)
... Removed 33 stack frames]]>
    </failure>
  </testcase> <!-- test2 -->
</testsuite> <!-- Failed cases -->
