<?xml version="1.0" encoding="UTF-8"?>
<!-- Generated by org.testng.reporters.JUnitXMLReporter -->
<testsuite ignored="0" hostname="MachineLearner" failures="0" tests="9" name="Listening Practice" time="0.124" errors="0" timestamp="2025-12-08T10:02:19 IST">
  <testcase classname="test.MethodSet06" name="S48_1" time="0.009"/>
  <testcase classname="test.MethodSet06" name="S48_2" time="0.002"/>
  <testcase classname="test.MethodSet06" name="S48_3" time="0.002"/>
  <testcase classname="test.MethodSet07" name="S48_1" time="0.001"/>
  <testcase classname="test.MethodSet07" name="S48_2" time="0.001"/>
  <testcase classname="test.MethodSet07" name="S48_3" time="0.002"/>
  <testcase classname="test.MethodSet08" name="S48_1" time="0.002"/>
  <testcase classname="test.MethodSet08" name="S48_2" time="0.002"/>
  <testcase classname="test.MethodSet08" name="S48_3" time="0.001"/>
</testsuite> <!-- Listening Practice -->
