<?xml version="1.0" encoding="UTF-8"?>
<!-- Generated by org.testng.reporters.JUnitXMLReporter -->
<testsuite ignored="0" hostname="MachineLearner" failures="1" tests="3" name="Parallel Browsers" time="0.075" errors="0" timestamp="2025-12-08T18:56:19 IST">
  <testcase classname="test.MethodSet14" name="Method14_1" time="0.006"/>
  <testcase classname="test.MethodSet14" name="Method14_2" time="0.001"/>
  <testcase classname="test.MethodSet14" name="Method14_3" time="0.01">
    <failure type="java.lang.AssertionError" message="expected [Ho] but found [Hi]">
      <![CDATA[java.lang.AssertionError: expected [Ho] but found [Hi]
at test.MethodSet14.Method14_3(MethodSet14.java:21)
at java.base/java.util.ArrayList.forEach(ArrayList.java:1511)
... Removed 33 stack frames]]>
    </failure>
  </testcase> <!-- Method14_3 -->
</testsuite> <!-- Parallel Browsers -->
