<?xml version="1.0" encoding="UTF-8"?>
<!-- Generated by org.testng.reporters.JUnitXMLReporter -->
<testsuite ignored="0" hostname="MachineLearner" failures="3" tests="4" name="Test" time="2.093" errors="0" timestamp="2025-12-08T07:05:37 IST">
  <testcase classname="test.MethodSet10" name="test1" time="0.018">
    <failure type="java.lang.AssertionError" message="expected [Ho] but found [Hi]">
      <![CDATA[java.lang.AssertionError: expected [Ho] but found [Hi]
at test.MethodSet10.test1(MethodSet10.java:13)
at java.base/java.util.ArrayList.forEach(ArrayList.java:1511)
... Removed 33 stack frames]]>
    </failure>
  </testcase> <!-- test1 -->
  <testcase classname="test.MethodSet10" name="test2" time="0.003"/>
  <testcase classname="test.MethodSet10" name="test3" time="0.002">
    <failure type="java.lang.AssertionError" message="expected [Ho] but found [Hi]">
      <![CDATA[java.lang.AssertionError: expected [Ho] but found [Hi]
at test.MethodSet10.test3(MethodSet10.java:24)
at java.base/java.util.ArrayList.forEach(ArrayList.java:1511)
... Removed 33 stack frames]]>
    </failure>
  </testcase> <!-- test3 -->
  <testcase classname="test.MethodSet10" name="test4" time="2.011">
    <failure type="org.testng.internal.thread.ThreadTimeoutException" message="Method test.MethodSet10.test4() didn&amp;apos;t finish within the time-out 2000">
      <![CDATA[org.testng.internal.thread.ThreadTimeoutException: Method test.MethodSet10.test4() didn't finish within the time-out 2000
at java.base@17.0.17/java.lang.Thread.sleep(Native Method)
at app//test.MethodSet10.test4(MethodSet10.java:31)
at java.base@17.0.17/java.util.concurrent.FutureTask.run(FutureTask.java:264)
at java.base@17.0.17/java.util.concurrent.ThreadPoolExecutor.runWorker(ThreadPoolExecutor.java:1136)
at java.base@17.0.17/java.util.concurrent.ThreadPoolExecutor$Worker.run(ThreadPoolExecutor.java:635)
at java.base@17.0.17/java.lang.Thread.run(Thread.java:840)
... Removed 8 stack frames]]>
    </failure>
  </testcase> <!-- test4 -->
</testsuite> <!-- Test -->
