<?xml version="1.0" encoding="UTF-8"?>
<!-- Generated by org.testng.reporters.JUnitXMLReporter -->
<testsuite ignored="6" hostname="MachineLearner" failures="0" tests="3" name="Test" time="0.102" errors="0" timestamp="2025-12-12T21:39:18 IST">
  <testcase classname="test.MethodSet07" name="S48_1" time="0.01"/>
  <testcase classname="test.MethodSet07" name="S48_2" time="0.002"/>
  <testcase classname="test.MethodSet07" name="S48_3" time="0.002"/>
  <testcase classname="test.MethodSet06" name="S48_2" time="0.0">
    <ignored/>
  </testcase> <!-- S48_2 -->
  <testcase classname="test.MethodSet06" name="S48_3" time="0.0">
    <ignored/>
  </testcase> <!-- S48_3 -->
  <testcase classname="test.MethodSet06" name="S48_1" time="0.0">
    <ignored/>
  </testcase> <!-- S48_1 -->
  <testcase classname="test.MethodSet08" name="S48_3" time="0.0">
    <ignored/>
  </testcase> <!-- S48_3 -->
  <testcase classname="test.MethodSet08" name="S48_2" time="0.0">
    <ignored/>
  </testcase> <!-- S48_2 -->
  <testcase classname="test.MethodSet08" name="S48_1" time="0.0">
    <ignored/>
  </testcase> <!-- S48_1 -->
</testsuite> <!-- Test -->
