<?xml version="1.0" encoding="UTF-8"?>
<testng-results ignored="0" total="3" passed="3" failed="0" skipped="0">
  <reporter-output>
  </reporter-output>
  <suite started-at="2025-12-12T06:32:28 IST" name="Suite" finished-at="2025-12-12T06:32:29 IST" duration-ms="87">
    <groups>
    </groups>
    <test started-at="2025-12-12T06:32:28 IST" name="Test" finished-at="2025-12-12T06:32:29 IST" duration-ms="87">
      <class name="test.MethodSet01">
        <test-method is-config="true" signature="beforeAlltest()[pri:0, instance:test.MethodSet01@59309333]" started-at="2025-12-12T06:32:28 IST" name="beforeAlltest" finished-at="2025-12-12T06:32:28 IST" duration-ms="11" status="PASS">
          <reporter-output>
          </reporter-output>
        </test-method> <!-- beforeAlltest -->
        <test-method signature="demo2()[pri:-2147483648, instance:test.MethodSet01@59309333]" started-at="2025-12-12T06:32:28 IST" name="demo2" finished-at="2025-12-12T06:32:29 IST" duration-ms="7" status="PASS">
          <reporter-output>
          </reporter-output>
        </test-method> <!-- demo2 -->
        <test-method signature="demo3()[pri:0, instance:test.MethodSet01@59309333]" started-at="2025-12-12T06:32:29 IST" name="demo3" finished-at="2025-12-12T06:32:29 IST" duration-ms="2" status="PASS">
          <reporter-output>
          </reporter-output>
        </test-method> <!-- demo3 -->
        <test-method signature="hello2()[pri:10, instance:test.MethodSet01@59309333]" started-at="2025-12-12T06:32:29 IST" name="hello2" finished-at="2025-12-12T06:32:29 IST" duration-ms="2" status="PASS">
          <reporter-output>
          </reporter-output>
        </test-method> <!-- hello2 -->
        <test-method is-config="true" signature="aftertests()[pri:0, instance:test.MethodSet01@59309333]" started-at="2025-12-12T06:32:29 IST" name="aftertests" finished-at="2025-12-12T06:32:29 IST" duration-ms="1" status="PASS">
          <reporter-output>
          </reporter-output>
        </test-method> <!-- aftertests -->
      </class> <!-- test.MethodSet01 -->
    </test> <!-- Test -->
  </suite> <!-- Suite -->
</testng-results>
