<?xml version="1.0" encoding="UTF-8"?>
<testng-results ignored="1" total="5" passed="4" failed="0" skipped="0">
  <reporter-output>
  </reporter-output>
  <suite started-at="2025-12-04T23:26:44 IST" name="Suite" finished-at="2025-12-04T23:26:44 IST" duration-ms="87">
    <groups>
    </groups>
    <test started-at="2025-12-04T23:26:44 IST" name="Test" finished-at="2025-12-04T23:26:44 IST" duration-ms="87">
      <class name="test.MethodSet02">
        <test-method signature="S38_1()[pri:0, instance:test.MethodSet02@1d9b7cce]" started-at="2025-12-04T23:26:44 IST" name="S38_1" finished-at="2025-12-04T23:26:44 IST" duration-ms="7" status="PASS">
          <reporter-output>
          </reporter-output>
        </test-method> <!-- S38_1 -->
      </class> <!-- test.MethodSet02 -->
      <class name="test.MethodSet01">
        <test-method is-config="true" signature="beforeAlltest()[pri:0, instance:test.MethodSet01@37afeb11]" started-at="2025-12-04T23:26:44 IST" name="beforeAlltest" finished-at="2025-12-04T23:26:44 IST" duration-ms="12" status="PASS">
          <reporter-output>
          </reporter-output>
        </test-method> <!-- beforeAlltest -->
        <test-method signature="demo2()[pri:-2147483648, instance:test.MethodSet01@37afeb11]" started-at="2025-12-04T23:26:44 IST" name="demo2" finished-at="2025-12-04T23:26:44 IST" duration-ms="2" status="PASS">
          <reporter-output>
          </reporter-output>
        </test-method> <!-- demo2 -->
        <test-method signature="demo3()[pri:0, instance:test.MethodSet01@37afeb11]" started-at="2025-12-04T23:26:44 IST" name="demo3" finished-at="2025-12-04T23:26:44 IST" duration-ms="2" status="PASS">
          <reporter-output>
          </reporter-output>
        </test-method> <!-- demo3 -->
        <test-method signature="hello2()[pri:10, instance:test.MethodSet01@37afeb11]" started-at="2025-12-04T23:26:44 IST" name="hello2" finished-at="2025-12-04T23:26:44 IST" duration-ms="2" status="PASS">
          <reporter-output>
          </reporter-output>
        </test-method> <!-- hello2 -->
        <test-method is-config="true" signature="aftertests()[pri:0, instance:test.MethodSet01@37afeb11]" started-at="2025-12-04T23:26:44 IST" name="aftertests" finished-at="2025-12-04T23:26:44 IST" duration-ms="1" status="PASS">
          <reporter-output>
          </reporter-output>
        </test-method> <!-- aftertests -->
      </class> <!-- test.MethodSet01 -->
    </test> <!-- Test -->
  </suite> <!-- Suite -->
</testng-results>
