<?xml version="1.0" encoding="UTF-8"?>
<!-- Generated by org.testng.reporters.JUnitReportReporter -->
<testsuite hostname="MachineLearner" failures="0" tests="3" name="test.MethodSet01" time="0.011" errors="0" timestamp="2025-12-12T06:32:29 IST" skipped="0">
  <testcase classname="test.MethodSet01" name="demo2" time="0.007"/>
  <testcase classname="test.MethodSet01" name="demo3" time="0.002"/>
  <testcase classname="test.MethodSet01" name="hello2" time="0.002"/>
</testsuite> <!-- test.MethodSet01 -->
