<?xml version="1.0" encoding="UTF-8"?>
<!-- Generated by org.testng.reporters.JUnitReportReporter -->
<testsuite hostname="MachineLearner" failures="0" tests="3" name="test.MethodSet07" time="0.009" errors="0" timestamp="2025-12-08T06:07:28 IST" skipped="0">
  <testcase classname="test.MethodSet07" name="S48_2" time="0.001"/>
  <testcase classname="test.MethodSet07" name="S48_1" time="0.006"/>
  <testcase classname="test.MethodSet07" name="S48_3" time="0.002"/>
</testsuite> <!-- test.MethodSet07 -->
