<?xml version="1.0" encoding="UTF-8"?>
<!-- Generated by org.testng.reporters.JUnitReportReporter -->
<testsuite hostname="MachineLearner" failures="0" tests="3" name="test.MethodSet01" time="0.013" errors="0" timestamp="2025-11-30T20:57:11 IST" skipped="0">
  <testcase classname="test.MethodSet01" name="demo2" time="0.008"/>
  <testcase classname="test.MethodSet01" name="demo3" time="0.002"/>
  <testcase classname="test.MethodSet01" name="hello2" time="0.003"/>
</testsuite> <!-- test.MethodSet01 -->
