<?xml version="1.0" encoding="UTF-8"?>
<!-- Generated by org.testng.reporters.JUnitReportReporter -->
<testsuite hostname="MachineLearner" failures="0" tests="4" name="test.MethodSet11" time="0.017" errors="0" timestamp="2025-12-08T09:49:27 IST" skipped="0">
  <testcase classname="test.MethodSet11" name="search1" time="0.008"/>
  <testcase classname="test.MethodSet11" name="search1" time="0.003"/>
  <testcase classname="test.MethodSet11" name="search1" time="0.002"/>
  <testcase classname="test.MethodSet11" name="search2" time="0.004"/>
</testsuite> <!-- test.MethodSet11 -->
