<?xml version="1.0" encoding="UTF-8"?>
<!-- Generated by org.testng.reporters.JUnitReportReporter -->
<testsuite hostname="MachineLearner" failures="0" tests="3" name="test.MethodSet08" time="0.005" errors="0" timestamp="2025-12-08T10:02:19 IST" skipped="0">
  <testcase classname="test.MethodSet08" name="S48_2" time="0.002"/>
  <testcase classname="test.MethodSet08" name="S48_1" time="0.002"/>
  <testcase classname="test.MethodSet08" name="S48_3" time="0.001"/>
</testsuite> <!-- test.MethodSet08 -->
