<?xml version="1.0" encoding="UTF-8"?>
<!-- Generated by org.testng.reporters.JUnitReportReporter -->
<testsuite hostname="MachineLearner" failures="0" tests="3" name="test.MethodSet03" time="0.006" errors="0" timestamp="2025-12-07T22:28:32 IST" skipped="0">
  <testcase classname="test.MethodSet03" name="S41_MobLogin" time="0.002"/>
  <testcase classname="test.MethodSet03" name="S41_WebLogin" time="0.002"/>
  <testcase classname="test.MethodSet03" name="S41_APILogin" time="0.002"/>
</testsuite> <!-- test.MethodSet03 -->
