<?xml version="1.0" encoding="UTF-8"?>
<!-- Generated by org.testng.reporters.JUnitReportReporter -->
<testsuite hostname="MachineLearner" failures="0" tests="3" name="test.MethodSet06" time="0.013" errors="0" timestamp="2025-12-08T10:02:19 IST" skipped="0">
  <testcase classname="test.MethodSet06" name="S48_2" time="0.002"/>
  <testcase classname="test.MethodSet06" name="S48_3" time="0.002"/>
  <testcase classname="test.MethodSet06" name="S48_1" time="0.009"/>
</testsuite> <!-- test.MethodSet06 -->
