<?xml version="1.0" encoding="UTF-8"?>
<!-- Generated by org.testng.reporters.JUnitReportReporter -->
<testsuite hostname="MachineLearner" failures="0" tests="3" name="test.MethodSet04" time="0.010" errors="0" timestamp="2025-12-07T21:43:43 IST" skipped="0">
  <testcase classname="test.MethodSet04" name="S42_Last" time="0.003"/>
  <testcase classname="test.MethodSet04" name="S42_Mid" time="0.004"/>
  <testcase classname="test.MethodSet04" name="S42_First" time="0.003"/>
</testsuite> <!-- test.MethodSet04 -->
