<?xml version="1.0" encoding="UTF-8"?>
<!-- Generated by org.testng.reporters.JUnitReportReporter -->
<testsuite hostname="MachineLearner" failures="0" tests="3" name="test.MethodSet1" time="0.023" errors="0" timestamp="2025-11-30T20:28:28 IST" skipped="0">
  <testcase classname="test.MethodSet1" name="demo2" time="0.016"/>
  <testcase classname="test.MethodSet1" name="demo3" time="0.003"/>
  <testcase classname="test.MethodSet1" name="hello2" time="0.004"/>
</testsuite> <!-- test.MethodSet1 -->
